TN:
SF:src/modules/appointments/services/CreateAppointmentService.ts
FN:16,(anonymous_18)
FN:18,CreateAppointmentService
FN:25,(anonymous_20)
FNF:3
FNH:3
FNDA:1,(anonymous_18)
FNDA:2,CreateAppointmentService
FNDA:3,(anonymous_20)
DA:2,1
DA:4,1
DA:7,1
DA:16,1
DA:20,2
DA:25,1
DA:26,3
DA:27,3
DA:30,3
DA:31,3
DA:35,3
DA:36,1
DA:39,2
DA:44,2
DA:46,1
DA:48,1
LF:16
LH:16
BRDA:35,0,0,1
BRDA:35,0,1,2
BRF:2
BRH:2
end_of_record
TN:
SF:src/modules/users/services/AuthenticateService.ts
FN:20,(anonymous_18)
FN:21,AuthenticateService
FN:28,(anonymous_20)
FNF:3
FNH:3
FNDA:1,(anonymous_18)
FNDA:3,AuthenticateService
FNDA:3,(anonymous_20)
DA:2,1
DA:4,1
DA:7,1
DA:20,1
DA:23,3
DA:26,3
DA:28,3
DA:30,3
DA:32,3
DA:33,1
DA:36,2
DA:38,2
DA:39,1
DA:42,1
DA:47,1
DA:49,1
DA:51,1
LF:17
LH:17
BRDA:30,0,0,3
BRDA:32,1,0,1
BRDA:32,1,1,2
BRDA:38,2,0,1
BRDA:38,2,1,1
BRF:5
BRH:5
end_of_record
TN:
SF:src/modules/users/services/RegisterUserClientService.ts
FN:15,(anonymous_18)
FN:16,CreateUserClientService
FN:24,(anonymous_20)
FNF:3
FNH:3
FNDA:2,(anonymous_18)
FNDA:4,CreateUserClientService
FNDA:5,(anonymous_20)
DA:3,2
DA:5,2
DA:15,2
DA:18,4
DA:21,4
DA:24,5
DA:25,5
DA:26,5
DA:27,1
DA:32,4
DA:34,4
DA:40,4
DA:42,2
DA:44,2
LF:14
LH:14
BRDA:25,0,0,5
BRDA:26,1,0,1
BRDA:26,1,1,4
BRF:3
BRH:3
end_of_record
TN:
SF:src/modules/users/services/ResetPasswordService.ts
FN:14,(anonymous_17)
FN:15,ResetPassordService
FN:24,(anonymous_19)
FNF:3
FNH:3
FNDA:1,(anonymous_17)
FNDA:1,ResetPassordService
FNDA:1,(anonymous_19)
DA:1,1
DA:14,1
DA:17,1
DA:20,1
DA:24,1
DA:25,1
DA:27,1
DA:28,0
DA:30,1
DA:32,1
DA:33,0
DA:35,1
DA:37,2
DA:39,1
DA:41,1
LF:15
LH:13
BRDA:25,0,0,1
BRDA:27,1,0,0
BRDA:27,1,1,1
BRDA:32,2,0,0
BRDA:32,2,1,1
BRF:5
BRH:3
end_of_record
TN:
SF:src/modules/users/services/SendForgotPasswordEmailService.ts
FN:13,(anonymous_18)
FN:14,SendForgotPasswordEmailService
FN:26,(anonymous_20)
FNF:3
FNH:3
FNDA:1,(anonymous_18)
FNDA:4,SendForgotPasswordEmailService
FNDA:3,(anonymous_20)
DA:1,1
DA:3,1
DA:13,1
DA:16,4
DA:19,4
DA:22,4
DA:26,3
DA:27,3
DA:29,3
DA:31,4
DA:33,2
DA:35,1
DA:37,1
LF:13
LH:13
BRDA:27,0,0,3
BRDA:29,1,0,1
BRDA:29,1,1,2
BRF:3
BRH:3
end_of_record
TN:
SF:src/modules/users/services/UpdateUserAvatarService.ts
FN:17,(anonymous_18)
FN:18,UpdateUserAvatarService
FN:20,(anonymous_20)
FNF:3
FNH:3
FNDA:1,(anonymous_18)
FNDA:3,UpdateUserAvatarService
FNDA:4,(anonymous_20)
DA:4,1
DA:9,1
DA:17,1
DA:18,3
DA:20,4
DA:22,4
DA:24,4
DA:26,5
DA:27,2
DA:30,6
DA:32,3
DA:33,6
DA:36,3
DA:38,1
DA:40,1
LF:15
LH:15
BRDA:22,0,0,4
BRDA:22,0,1,3
BRDA:24,1,0,1
BRDA:24,1,1,3
BRDA:26,2,0,2
BRDA:26,2,1,1
BRF:6
BRH:6
end_of_record
